[2025-11-17 13:25:39] [INFO] 日志系统初始化完成
[2025-11-17 13:25:39] [INFO] 应用程序启动
[2025-11-17 13:25:39] [INFO] 登录界面初始化完成
[2025-11-17 13:25:47] [INFO] [用户:user2] 用户登录成功: user2
[2025-11-17 13:25:47] [INFO] [用户:user2] 用户进入主界面 - 用户ID: user2, 角色: user
[2025-11-17 13:26:12] [INFO] 日志系统初始化完成
[2025-11-17 13:26:12] [INFO] 应用程序启动
[2025-11-17 13:26:12] [INFO] 登录界面初始化完成
[2025-11-17 13:26:28] [INFO] 应用程序退出
[2025-11-17 13:40:39] [INFO] 日志系统初始化完成
[2025-11-17 13:40:39] [INFO] 应用程序启动
[2025-11-17 13:40:39] [INFO] 登录界面初始化完成
[2025-11-17 13:40:48] [INFO] 尝试登录 - 用户ID: user2
[2025-11-17 13:40:48] [INFO] [用户:user2] 用户登录成功: user2, 角色: user
[2025-11-17 13:40:48] [INFO] [用户:user2] 用户进入主界面 - 用户ID: user2, 角色: user
[2025-11-17 13:56:37] [INFO] 日志系统初始化完成
[2025-11-17 13:56:37] [INFO] 应用程序启动
[2025-11-17 13:56:37] [INFO] 登录界面初始化完成
[2025-11-17 13:56:48] [INFO] 尝试登录 - 用户ID: user2
[2025-11-17 13:56:48] [INFO] [用户:user2] 用户登录成功: user2, 角色: user
[2025-11-17 13:56:48] [INFO] [用户:user2] 用户进入主界面 - 用户ID: user2, 角色: user
[2025-11-17 14:00:09] [INFO] 日志系统初始化完成
[2025-11-17 14:00:09] [INFO] 应用程序启动
[2025-11-17 14:00:09] [INFO] 登录界面初始化完成
[2025-11-17 14:00:16] [INFO] 尝试登录 - 用户ID: admin
[2025-11-17 14:00:16] [WARNING] 登录失败: admin, 原因: 密码错误
[2025-11-17 14:01:39] [INFO] [用户:admin] 密码重置成功 - 用户ID: admin
[2025-11-17 14:01:44] [INFO] 尝试登录 - 用户ID: admin
[2025-11-17 14:01:44] [INFO] [用户:admin] 用户登录成功: admin, 角色: admin
[2025-11-17 14:01:44] [INFO] [用户:admin] 用户进入主界面 - 用户ID: admin, 角色: admin
[2025-11-17 14:04:21] [INFO] 日志系统初始化完成
[2025-11-17 14:04:21] [INFO] 应用程序启动
[2025-11-17 14:04:21] [INFO] 登录界面初始化完成
[2025-11-17 14:04:40] [INFO] [用户:admin] 密码重置成功 - 用户ID: admin
[2025-11-17 14:04:47] [INFO] 尝试登录 - 用户ID: admin
[2025-11-17 14:04:47] [INFO] [用户:admin] 用户登录成功: admin, 角色: admin
[2025-11-17 14:04:47] [INFO] [用户:admin] 用户进入主界面 - 用户ID: admin, 角色: admin
[2025-11-17 14:08:33] [INFO] 日志系统初始化完成
[2025-11-17 14:08:33] [INFO] 应用程序启动
[2025-11-17 14:08:33] [INFO] 登录界面初始化完成
[2025-11-17 14:08:42] [INFO] 尝试登录 - 用户ID: admin
[2025-11-17 14:08:42] [INFO] [用户:admin] 用户登录成功: admin, 角色: admin
[2025-11-17 14:08:42] [INFO] [用户:admin] 用户进入主界面 - 用户ID: admin, 角色: admin
[2025-11-17 14:10:12] [INFO] [用户:admin] 添加新用户 - 用户ID: player1, 角色: player
[2025-11-17 14:11:12] [INFO] [用户:admin] 添加新用户 - 用户ID: user1, 角色: user
[2025-11-17 14:11:53] [INFO] 日志系统初始化完成
[2025-11-17 14:11:53] [INFO] 应用程序启动
[2025-11-17 14:11:53] [INFO] 登录界面初始化完成
[2025-11-17 14:12:07] [INFO] 尝试登录 - 用户ID: player1
[2025-11-17 14:12:07] [WARNING] 登录失败: player1, 原因: 密码错误
[2025-11-17 14:12:57] [INFO] [用户:player1] 密码重置成功 - 用户ID: player1
[2025-11-17 14:13:00] [INFO] 尝试登录 - 用户ID: player1
[2025-11-17 14:13:00] [INFO] [用户:player1] 用户登录成功: player1, 角色: player
[2025-11-17 14:13:00] [INFO] [用户:player1] 用户进入主界面 - 用户ID: player1, 角色: player
[2025-11-17 14:13:10] [INFO] 日志系统初始化完成
[2025-11-17 14:13:10] [INFO] 应用程序启动
[2025-11-17 14:13:10] [INFO] 登录界面初始化完成
[2025-11-17 14:13:18] [INFO] 尝试登录 - 用户ID: user1
[2025-11-17 14:13:18] [WARNING] 登录失败: user1, 原因: 密码错误
[2025-11-17 14:13:47] [INFO] [用户:user1] 密码重置成功 - 用户ID: user1
[2025-11-17 14:13:49] [INFO] 尝试登录 - 用户ID: user1
[2025-11-17 14:13:49] [INFO] [用户:user1] 用户登录成功: user1, 角色: user
[2025-11-17 14:13:49] [INFO] [用户:user1] 用户进入主界面 - 用户ID: user1, 角色: user
[2025-11-17 14:13:59] [INFO] [用户:user1] 用户充值 - 金额: 1000元
[2025-11-17 14:14:10] [INFO] [用户:user1] 创建订单 - 游戏类型: 英雄联盟, 价格: 100
[2025-11-17 14:14:16] [INFO] 日志系统初始化完成
[2025-11-17 14:14:16] [INFO] 应用程序启动
[2025-11-17 14:14:16] [INFO] 登录界面初始化完成
[2025-11-17 14:14:25] [INFO] 尝试登录 - 用户ID: player1
[2025-11-17 14:14:25] [INFO] [用户:player1] 用户登录成功: player1, 角色: player
[2025-11-17 14:14:25] [INFO] [用户:player1] 用户进入主界面 - 用户ID: player1, 角色: player
[2025-11-17 14:14:30] [INFO] [用户:player1] 接单成功 - 订单ID: 1
[2025-11-17 14:14:50] [INFO] 日志系统初始化完成
[2025-11-17 14:14:50] [INFO] 应用程序启动
[2025-11-17 14:14:50] [INFO] 登录界面初始化完成
[2025-11-17 14:15:05] [INFO] 尝试登录 - 用户ID: admin
[2025-11-17 14:15:05] [INFO] [用户:admin] 用户登录成功: admin, 角色: admin
[2025-11-17 14:15:05] [INFO] [用户:admin] 用户进入主界面 - 用户ID: admin, 角色: admin
[2025-11-17 14:15:16] [INFO] 日志系统初始化完成
[2025-11-17 14:15:16] [INFO] 应用程序启动
[2025-11-17 14:15:16] [INFO] 登录界面初始化完成
[2025-11-17 14:15:25] [INFO] 尝试登录 - 用户ID: user1
[2025-11-17 14:15:25] [INFO] [用户:user1] 用户登录成功: user1, 角色: user
[2025-11-17 14:15:25] [INFO] [用户:user1] 用户进入主界面 - 用户ID: user1, 角色: user
[2025-11-17 14:21:46] [INFO] 日志系统初始化完成
[2025-11-17 14:21:46] [INFO] 应用程序启动
[2025-11-17 14:21:46] [INFO] 登录界面初始化完成
[2025-11-17 14:21:53] [INFO] 尝试登录 - 用户ID: admin
[2025-11-17 14:21:53] [INFO] [用户:admin] 用户登录成功: admin, 角色: admin
[2025-11-17 14:21:53] [INFO] [用户:admin] 用户进入主界面 - 用户ID: admin, 角色: admin
[2025-11-17 14:23:25] [INFO] [用户:admin] 添加新用户 - 用户ID: player2, 角色: user
[2025-11-17 14:24:01] [INFO] 日志系统初始化完成
[2025-11-17 14:24:01] [INFO] 应用程序启动
[2025-11-17 14:24:01] [INFO] 登录界面初始化完成
[2025-11-17 14:24:10] [INFO] 尝试登录 - 用户ID: player2
[2025-11-17 14:24:10] [INFO] [用户:player2] 用户登录成功: player2, 角色: user
[2025-11-17 14:24:10] [INFO] [用户:player2] 用户进入主界面 - 用户ID: player2, 角色: user
[2025-11-17 14:25:00] [INFO] 日志系统初始化完成
[2025-11-17 14:25:00] [INFO] 应用程序启动
[2025-11-17 14:25:00] [INFO] 登录界面初始化完成
[2025-11-17 14:25:09] [INFO] 尝试登录 - 用户ID: player1
[2025-11-17 14:25:09] [INFO] [用户:player1] 用户登录成功: player1, 角色: player
[2025-11-17 14:25:09] [INFO] [用户:player1] 用户进入主界面 - 用户ID: player1, 角色: player
[2025-11-17 14:25:24] [INFO] [用户:player1] 更新个人信息 - 姓名: player1, 电话: 13512341234, 邮箱: player1@esports.com
[2025-11-17 14:25:38] [INFO] 日志系统初始化完成
[2025-11-17 14:25:38] [INFO] 应用程序启动
[2025-11-17 14:25:38] [INFO] 登录界面初始化完成
[2025-11-17 14:25:50] [INFO] 尝试登录 - 用户ID: user1
[2025-11-17 14:25:50] [INFO] [用户:user1] 用户登录成功: user1, 角色: user
[2025-11-17 14:25:50] [INFO] [用户:user1] 用户进入主界面 - 用户ID: user1, 角色: user
[2025-11-17 14:25:59] [INFO] [用户:user1] 更新个人信息 - 姓名: user1, 电话: 13512341234, 邮箱: 114514@qq.com
[2025-11-17 14:26:10] [INFO] 日志系统初始化完成
[2025-11-17 14:26:10] [INFO] 应用程序启动
[2025-11-17 14:26:10] [INFO] 登录界面初始化完成
[2025-11-17 14:26:22] [INFO] 应用程序退出
[2025-11-17 14:31:22] [INFO] 日志系统初始化完成
[2025-11-17 14:31:22] [INFO] 应用程序启动
[2025-11-17 14:31:22] [INFO] 登录界面初始化完成
[2025-11-17 14:31:27] [INFO] 应用程序退出
[2025-11-17 14:35:08] [INFO] 日志系统初始化完成
[2025-11-17 14:35:08] [INFO] 应用程序启动
[2025-11-17 14:35:08] [INFO] 登录界面初始化完成
[2025-11-17 14:35:09] [INFO] 游客登录尝试
[2025-11-17 14:35:09] [INFO] 创建新游客账号: guest_1763361309
[2025-11-17 14:35:09] [INFO] [用户:guest_1763361309] 游客登录成功: guest_1763361309
[2025-11-17 14:35:09] [INFO] [用户:guest_1763361309] 用户进入主界面 - 用户ID: guest_1763361309, 角色: guest
[2025-11-17 14:38:43] [INFO] 日志系统初始化完成
[2025-11-17 14:38:43] [INFO] 应用程序启动
[2025-11-17 14:38:43] [INFO] 登录界面初始化完成
[2025-11-17 14:38:54] [INFO] 尝试登录 - 用户ID: admin
[2025-11-17 14:38:54] [INFO] [用户:admin] 用户登录成功: admin, 角色: admin
[2025-11-17 14:38:54] [INFO] [用户:admin] 用户进入主界面 - 用户ID: admin, 角色: admin
[2025-11-17 14:39:13] [INFO] 日志系统初始化完成
[2025-11-17 14:39:13] [INFO] 应用程序启动
[2025-11-17 14:39:13] [INFO] 登录界面初始化完成
[2025-11-17 14:39:23] [INFO] 尝试登录 - 用户ID: user1
[2025-11-17 14:39:23] [INFO] [用户:user1] 用户登录成功: user1, 角色: user
[2025-11-17 14:39:23] [INFO] [用户:user1] 用户进入主界面 - 用户ID: user1, 角色: user
[2025-11-17 14:39:37] [INFO] [用户:user1] 创建订单 - 游戏类型: 英雄联盟, 价格: 100
[2025-11-17 14:39:40] [INFO] 日志系统初始化完成
[2025-11-17 14:39:40] [INFO] 应用程序启动
[2025-11-17 14:39:40] [INFO] 登录界面初始化完成
[2025-11-17 14:39:48] [INFO] 尝试登录 - 用户ID: player2
[2025-11-17 14:39:48] [INFO] [用户:player2] 用户登录成功: player2, 角色: user
[2025-11-17 14:39:48] [INFO] [用户:player2] 用户进入主界面 - 用户ID: player2, 角色: user
[2025-11-17 14:39:59] [INFO] 日志系统初始化完成
[2025-11-17 14:39:59] [INFO] 应用程序启动
[2025-11-17 14:39:59] [INFO] 登录界面初始化完成
[2025-11-17 14:40:05] [INFO] 尝试登录 - 用户ID: admin
[2025-11-17 14:40:05] [INFO] [用户:admin] 用户登录成功: admin, 角色: admin
[2025-11-17 14:40:05] [INFO] [用户:admin] 用户进入主界面 - 用户ID: admin, 角色: admin
[2025-11-17 14:44:04] [INFO] 日志系统初始化完成
[2025-11-17 14:44:04] [INFO] 应用程序启动
[2025-11-17 14:44:04] [INFO] 登录界面初始化完成
[2025-11-17 14:44:12] [INFO] 尝试登录 - 用户ID: player2
[2025-11-17 14:44:12] [INFO] [用户:player2] 用户登录成功: player2, 角色: player
[2025-11-17 14:44:13] [INFO] [用户:player2] 用户进入主界面 - 用户ID: player2, 角色: player
[2025-11-17 14:44:17] [INFO] [用户:player2] 接单成功 - 订单ID: 2
[2025-11-17 14:44:26] [INFO] 日志系统初始化完成
[2025-11-17 14:44:26] [INFO] 应用程序启动
[2025-11-17 14:44:26] [INFO] 登录界面初始化完成
[2025-11-17 14:44:32] [INFO] 尝试登录 - 用户ID: admin
[2025-11-17 14:44:32] [INFO] [用户:admin] 用户登录成功: admin, 角色: admin
[2025-11-17 14:44:33] [INFO] [用户:admin] 用户进入主界面 - 用户ID: admin, 角色: admin
[2025-11-17 14:44:42] [INFO] [用户:admin] 订单完成结算 - 订单ID: 2
[2025-11-17 14:45:00] [INFO] 日志系统初始化完成
[2025-11-17 14:45:00] [INFO] 应用程序启动
[2025-11-17 14:45:00] [INFO] 登录界面初始化完成
[2025-11-17 14:45:01] [INFO] 游客登录尝试
[2025-11-17 14:45:01] [INFO] 复用现有游客账号: guest_1763361309
[2025-11-17 14:45:01] [INFO] [用户:guest_1763361309] 游客登录成功: guest_1763361309
[2025-11-17 14:45:02] [INFO] [用户:guest_1763361309] 用户进入主界面 - 用户ID: guest_1763361309, 角色: guest
[2025-11-17 14:59:31] [INFO] 日志系统初始化完成
[2025-11-17 14:59:31] [INFO] 应用程序启动
[2025-11-17 14:59:31] [INFO] 登录界面初始化完成
[2025-11-17 15:00:03] [INFO] 尝试登录 - 用户ID: user1
[2025-11-17 15:00:03] [INFO] [用户:user1] 用户登录成功: user1, 角色: user
[2025-11-17 15:00:03] [INFO] [用户:user1] 用户进入主界面 - 用户ID: user1, 角色: user
[2025-11-17 15:00:11] [INFO] [用户:user1] 提交充值申请 - 金额: 100元
[2025-11-17 15:00:14] [INFO] 日志系统初始化完成
[2025-11-17 15:00:14] [INFO] 应用程序启动
[2025-11-17 15:00:14] [INFO] 登录界面初始化完成
[2025-11-17 15:00:23] [INFO] 尝试登录 - 用户ID: admin
[2025-11-17 15:00:23] [INFO] [用户:admin] 用户登录成功: admin, 角色: admin
[2025-11-17 15:00:23] [INFO] [用户:admin] 用户进入主界面 - 用户ID: admin, 角色: admin
[2025-11-17 15:00:41] [INFO] 日志系统初始化完成
[2025-11-17 15:00:41] [INFO] 应用程序启动
[2025-11-17 15:00:41] [INFO] 登录界面初始化完成
[2025-11-17 15:00:47] [INFO] 尝试登录 - 用户ID: admin
[2025-11-17 15:00:47] [INFO] [用户:admin] 用户登录成功: admin, 角色: admin
[2025-11-17 15:00:47] [INFO] [用户:admin] 用户进入主界面 - 用户ID: admin, 角色: admin
[2025-11-17 15:10:14] [INFO] 日志系统初始化完成
[2025-11-17 15:10:14] [INFO] 应用程序启动
[2025-11-17 15:10:14] [INFO] 登录界面初始化完成
[2025-11-17 15:10:22] [INFO] 尝试登录 - 用户ID: admin
[2025-11-17 15:10:22] [INFO] [用户:admin] 用户登录成功: admin, 角色: admin
[2025-11-17 15:10:22] [INFO] [用户:admin] 用户进入主界面 - 用户ID: admin, 角色: admin
[2025-11-17 15:10:27] [INFO] 充值审核通过 - 记录ID: 1, 用户: user1, 金额: 100
[2025-11-17 15:10:32] [INFO] 日志系统初始化完成
[2025-11-17 15:10:32] [INFO] 应用程序启动
[2025-11-17 15:10:32] [INFO] 登录界面初始化完成
[2025-11-17 15:10:41] [INFO] 尝试登录 - 用户ID: user1
[2025-11-17 15:10:41] [INFO] [用户:user1] 用户登录成功: user1, 角色: user
[2025-11-17 15:10:41] [INFO] [用户:user1] 用户进入主界面 - 用户ID: user1, 角色: user
[2025-11-17 15:10:50] [INFO] [用户:user1] 提交充值申请 - 金额: 1000元
[2025-11-17 15:10:55] [INFO] 日志系统初始化完成
[2025-11-17 15:10:55] [INFO] 应用程序启动
[2025-11-17 15:10:55] [INFO] 登录界面初始化完成
[2025-11-17 15:11:05] [INFO] 尝试登录 - 用户ID: admin
[2025-11-17 15:11:05] [INFO] [用户:admin] 用户登录成功: admin, 角色: admin
[2025-11-17 15:11:05] [INFO] [用户:admin] 用户进入主界面 - 用户ID: admin, 角色: admin
[2025-11-17 15:11:12] [INFO] 充值审核拒绝 - 记录ID: 2, 原因: 1
