[2025-11-17 02:06:13] [INFO] 登录界面初始化完成
[2025-11-17 02:06:27] [WARNING] [用户:admin] 登录失败: admin
[2025-11-17 02:06:28] [WARNING] [用户:admin] 登录失败: admin
[2025-11-17 02:06:41] [WARNING] [用户:admin] 登录失败: admin
[2025-11-17 02:06:41] [WARNING] [用户:admin] 登录失败: admin
[2025-11-17 02:08:13] [INFO] 登录界面初始化完成
[2025-11-17 02:08:23] [WARNING] [用户:user1] 登录失败: user1
[2025-11-17 02:08:24] [WARNING] [用户:user1] 登录失败: user1
[2025-11-17 02:16:53] [INFO] 登录界面初始化完成
[2025-11-17 02:17:37] [INFO] 登录界面初始化完成
[2025-11-17 02:18:15] [INFO] 登录界面初始化完成
[2025-11-17 02:20:28] [INFO] 登录界面初始化完成
[2025-11-17 02:20:54] [INFO] [用户:admin] 用户登录成功: admin
[2025-11-17 02:22:38] [INFO] 登录界面初始化完成
[2025-11-17 02:22:46] [INFO] [用户:admin] 用户登录成功: admin
[2025-11-17 02:23:14] [INFO] 登录界面初始化完成
[2025-11-17 02:23:21] [WARNING] [用户:admin] 登录失败: admin
[2025-11-17 02:23:23] [WARNING] [用户:admin] 登录失败: admin
[2025-11-17 02:23:24] [WARNING] [用户:admin] 登录失败: admin
[2025-11-17 02:23:27] [WARNING] [用户:admin] 登录失败: admin
[2025-11-17 02:23:28] [WARNING] [用户:admin] 登录失败: admin
[2025-11-17 02:23:30] [WARNING] [用户:admin] 登录失败: admin
[2025-11-17 02:23:31] [WARNING] [用户:admin] 登录失败: admin
[2025-11-17 02:29:53] [INFO] 登录界面初始化完成
[2025-11-17 02:30:06] [WARNING] [用户:1111111] 登录失败: 1111111, 原因: 用户不存在
[2025-11-17 02:30:07] [WARNING] [用户:1111111] 登录失败: 1111111, 原因: 用户不存在
[2025-11-17 02:31:08] [INFO] 登录界面初始化完成
[2025-11-17 02:31:14] [WARNING] [用户:1111111] 登录失败: 1111111, 原因: 用户不存在
[2025-11-17 02:31:14] [WARNING] [用户:1111111] 登录失败: 1111111, 原因: 用户不存在
[2025-11-17 02:31:16] [WARNING] [用户:1111111] 登录失败: 1111111, 原因: 用户不存在
[2025-11-17 02:31:16] [WARNING] [用户:1111111] 登录失败: 1111111, 原因: 用户不存在
[2025-11-17 02:33:53] [INFO] 登录界面初始化完成
[2025-11-17 02:33:59] [WARNING] [用户:11111111] 登录失败: 11111111, 原因: 用户不存在
[2025-11-17 02:34:02] [WARNING] [用户:11111111] 登录失败: 11111111, 原因: 用户不存在
[2025-11-17 02:34:02] [WARNING] [用户:11111111] 登录失败: 11111111, 原因: 用户不存在
[2025-11-17 02:34:04] [WARNING] [用户:11111111] 登录失败: 11111111, 原因: 用户不存在
[2025-11-17 02:34:05] [WARNING] [用户:11111111] 登录失败: 11111111, 原因: 用户不存在
[2025-11-17 02:34:52] [INFO] 登录界面初始化完成
[2025-11-17 02:34:56] [WARNING] [用户:111111] 登录失败: 111111, 原因: 用户不存在
[2025-11-17 02:34:58] [WARNING] [用户:111111] 登录失败: 111111, 原因: 用户不存在
[2025-11-17 02:35:04] [WARNING] [用户:111111] 登录失败: 111111, 原因: 用户不存在
[2025-11-17 02:35:38] [INFO] [用户:user1] 用户登录成功: user1
[2025-11-17 02:36:03] [INFO] 登录界面初始化完成
[2025-11-17 02:37:44] [INFO] 登录界面初始化完成
[2025-11-17 02:37:55] [INFO] [用户:user1] 用户登录成功: user1
[2025-11-17 02:42:10] [INFO] 登录界面初始化完成
[2025-11-17 03:02:42] [INFO] 登录界面初始化完成
[2025-11-17 03:03:01] [WARNING] [用户:user1] 登录失败: user1, 原因: 密码错误
[2025-11-17 03:03:07] [INFO] [用户:user1] 用户登录成功: user1
[2025-11-17 03:10:31] [INFO] 登录界面初始化完成
[2025-11-17 03:10:44] [WARNING] [用户:user1] 登录失败: user1, 原因: 密码错误
[2025-11-17 03:10:46] [WARNING] [用户:user12] 登录失败: user12, 原因: 用户不存在
[2025-11-17 03:11:42] [INFO] 登录界面初始化完成
[2025-11-17 12:00:28] [INFO] 登录界面初始化完成
[2025-11-17 12:01:12] [INFO] [用户:user2] 用户注册成功: user2
[2025-11-17 12:01:45] [INFO] [用户:user2] 用户登录成功: user2
[2025-11-17 12:06:01] [INFO] 登录界面初始化完成
[2025-11-17 12:06:55] [INFO] [用户:user2] 用户 user2 重置密码
[2025-11-17 12:07:00] [INFO] [用户:user2] 用户登录成功: user2
[2025-11-17 13:21:53] [INFO] 登录界面初始化完成
[2025-11-17 13:22:20] [INFO] [用户:user2] 密码重置成功 - 用户ID: user2
[2025-11-17 13:22:21] [INFO] [用户:user2] 密码重置成功 - 用户ID: user2
